2024-04-29 14:27:18 INFO  openTable:41 - open url
  2024-04-29 14:27:21 WARN  openTable:43 - Wait for 3 sec
  2024-04-29 14:27:23 INFO  openTable:46 - select Bangalore
  2024-04-29 14:27:26 WARN  openTable:51 - Wait for 3 sec
  2024-04-29 14:27:31 INFO  openTable:64 - selected 4 people
  2024-04-29 14:27:32 INFO  openTable:72 - Selected November
  2024-04-29 14:29:52 INFO  openTable:41 - open url
  2024-04-29 14:29:55 WARN  openTable:43 - Wait for 3 sec
  2024-04-29 14:29:56 INFO  openTable:46 - select Bangalore
  2024-04-29 14:29:59 WARN  openTable:51 - Wait for 3 sec
  2024-04-29 14:30:03 INFO  openTable:64 - selected 4 people
  2024-04-29 14:30:04 INFO  openTable:72 - Selected November
  2024-04-29 14:30:07 INFO  openTable:82 - Screenshot taken
  2024-04-29 14:30:07 INFO  openTable:83 - Terminated
  2024-04-29 14:33:46 INFO  openTable:41 - open url
  2024-04-29 14:33:49 WARN  openTable:43 - Wait for 3 sec
  2024-04-29 14:33:51 INFO  openTable:46 - select Bangalore
  2024-04-29 14:33:54 WARN  openTable:51 - Wait for 3 sec
  2024-04-29 14:33:58 INFO  openTable:64 - selected 4 people
  2024-04-29 14:33:59 INFO  openTable:72 - Selected November
  2024-04-29 14:34:03 INFO  openTable:82 - Screenshot taken
  2024-04-29 14:34:03 INFO  openTable:83 - Terminated
  