2024-04-29 12:57:07 INFO  moneyControl:28 - open URL
  2024-04-29 12:58:12 WARN  moneyControl:33 - Wait for 3 sec
  2024-04-29 12:59:12 INFO  moneyControl:36 - Reliance industries
  2024-04-29 12:59:15 WARN  moneyControl:42 - Wait for 3 sec
  2024-04-29 14:13:44 INFO  moneyControl:28 - open URL
  2024-04-29 14:14:31 WARN  moneyControl:33 - Wait for 3 sec
  2024-04-29 14:14:37 INFO  moneyControl:36 - Reliance industries
  2024-04-29 14:14:41 WARN  moneyControl:42 - Wait for 3 sec
  2024-04-29 14:14:43 INFO  moneyControl:45 - SIP return
  2024-04-29 14:14:45 INFO  moneyControl:50 - Axis Mutual Fund
  2024-04-29 14:14:47 INFO  moneyControl:54 - Axis Arbitrage Fund - Regular plan
  2024-04-29 14:14:47 INFO  moneyControl:56 - 100000-Indian rupees
  2024-04-29 14:14:50 INFO  moneyControl:61 - calculate
  2024-04-29 14:14:50 INFO  moneyControl:68 - terminated
  2024-04-29 14:31:13 INFO  moneyControl:28 - open URL
  2024-04-29 14:31:33 WARN  moneyControl:33 - Wait for 3 sec
  2024-04-29 14:31:55 INFO  moneyControl:36 - Reliance industries
  2024-04-29 14:31:58 WARN  moneyControl:42 - Wait for 3 sec
  2024-04-29 14:32:03 INFO  moneyControl:45 - SIP return
  2024-04-29 14:32:06 INFO  moneyControl:50 - Axis Mutual Fund
  2024-04-29 14:32:08 INFO  moneyControl:54 - Axis Arbitrage Fund - Regular plan
  2024-04-29 14:32:08 INFO  moneyControl:56 - 100000-Indian rupees
  2024-04-29 14:32:11 INFO  moneyControl:61 - calculate
  2024-04-29 14:32:11 INFO  moneyControl:68 - terminated
  